<?xml version="1.0" encoding="UTF-8"?>
<testsuite name="com.peraton.wmss.noaa.capingest.CapingestApplicationTests" tests="1" skipped="0" failures="0" errors="0" timestamp="2020-04-28T22:46:41" hostname="slushu72" time="0.979">
  <properties/>
  <testcase name="contextLoads()" classname="com.peraton.wmss.noaa.capingest.CapingestApplicationTests" time="0.979"/>
  <system-out><![CDATA[17:46:34.859 [Test worker] DEBUG org.springframework.test.context.BootstrapUtils - Instantiating CacheAwareContextLoaderDelegate from class [org.springframework.test.context.cache.DefaultCacheAwareContextLoaderDelegate]
17:46:34.922 [Test worker] DEBUG org.springframework.test.context.BootstrapUtils - Instantiating BootstrapContext using constructor [public org.springframework.test.context.support.DefaultBootstrapContext(java.lang.Class,org.springframework.test.context.CacheAwareContextLoaderDelegate)]
17:46:35.081 [Test worker] DEBUG org.springframework.test.context.BootstrapUtils - Instantiating TestContextBootstrapper for test class [com.peraton.wmss.noaa.capingest.CapingestApplicationTests] from class [org.springframework.boot.test.context.SpringBootTestContextBootstrapper]
17:46:35.171 [Test worker] INFO org.springframework.boot.test.context.SpringBootTestContextBootstrapper - Neither @ContextConfiguration nor @ContextHierarchy found for test class [com.peraton.wmss.noaa.capingest.CapingestApplicationTests], using SpringBootContextLoader
17:46:35.190 [Test worker] DEBUG org.springframework.test.context.support.AbstractContextLoader - Did not detect default resource location for test class [com.peraton.wmss.noaa.capingest.CapingestApplicationTests]: class path resource [com/peraton/wmss/noaa/capingest/CapingestApplicationTests-context.xml] does not exist
17:46:35.202 [Test worker] DEBUG org.springframework.test.context.support.AbstractContextLoader - Did not detect default resource location for test class [com.peraton.wmss.noaa.capingest.CapingestApplicationTests]: class path resource [com/peraton/wmss/noaa/capingest/CapingestApplicationTestsContext.groovy] does not exist
17:46:35.204 [Test worker] INFO org.springframework.test.context.support.AbstractContextLoader - Could not detect default resource locations for test class [com.peraton.wmss.noaa.capingest.CapingestApplicationTests]: no resource found for suffixes {-context.xml, Context.groovy}.
17:46:35.207 [Test worker] INFO org.springframework.test.context.support.AnnotationConfigContextLoaderUtils - Could not detect default configuration classes for test class [com.peraton.wmss.noaa.capingest.CapingestApplicationTests]: CapingestApplicationTests does not declare any static, non-private, non-final, nested classes annotated with @Configuration.
17:46:35.442 [Test worker] DEBUG org.springframework.test.context.support.ActiveProfilesUtils - Could not find an 'annotation declaring class' for annotation type [org.springframework.test.context.ActiveProfiles] and class [com.peraton.wmss.noaa.capingest.CapingestApplicationTests]
17:46:35.820 [Test worker] DEBUG org.springframework.context.annotation.ClassPathScanningCandidateComponentProvider - Identified candidate component class: file [/home/slush/git/capingest/build/classes/java/main/com/peraton/wmss/noaa/capingest/CapingestApplication.class]
17:46:35.825 [Test worker] INFO org.springframework.boot.test.context.SpringBootTestContextBootstrapper - Found @SpringBootConfiguration com.peraton.wmss.noaa.capingest.CapingestApplication for test class com.peraton.wmss.noaa.capingest.CapingestApplicationTests
17:46:36.401 [Test worker] DEBUG org.springframework.boot.test.context.SpringBootTestContextBootstrapper - @TestExecutionListeners is not present for class [com.peraton.wmss.noaa.capingest.CapingestApplicationTests]: using defaults.
17:46:36.408 [Test worker] INFO org.springframework.boot.test.context.SpringBootTestContextBootstrapper - Loaded default TestExecutionListener class names from location [META-INF/spring.factories]: [org.springframework.boot.test.autoconfigure.restdocs.RestDocsTestExecutionListener, org.springframework.boot.test.autoconfigure.web.client.MockRestServiceServerResetTestExecutionListener, org.springframework.boot.test.autoconfigure.web.servlet.MockMvcPrintOnlyOnFailureTestExecutionListener, org.springframework.boot.test.autoconfigure.web.servlet.WebDriverTestExecutionListener, org.springframework.boot.test.mock.mockito.MockitoTestExecutionListener, org.springframework.boot.test.mock.mockito.ResetMocksTestExecutionListener, org.springframework.test.context.web.ServletTestExecutionListener, org.springframework.test.context.support.DirtiesContextBeforeModesTestExecutionListener, org.springframework.test.context.support.DependencyInjectionTestExecutionListener, org.springframework.test.context.support.DirtiesContextTestExecutionListener, org.springframework.test.context.transaction.TransactionalTestExecutionListener, org.springframework.test.context.jdbc.SqlScriptsTestExecutionListener, org.springframework.test.context.event.EventPublishingTestExecutionListener]
17:46:36.449 [Test worker] DEBUG org.springframework.boot.test.context.SpringBootTestContextBootstrapper - Skipping candidate TestExecutionListener [org.springframework.test.context.web.ServletTestExecutionListener] due to a missing dependency. Specify custom listener classes or make the default listener classes and their required dependencies available. Offending class: [javax/servlet/ServletContext]
17:46:36.460 [Test worker] DEBUG org.springframework.boot.test.context.SpringBootTestContextBootstrapper - Skipping candidate TestExecutionListener [org.springframework.test.context.transaction.TransactionalTestExecutionListener] due to a missing dependency. Specify custom listener classes or make the default listener classes and their required dependencies available. Offending class: [org/springframework/transaction/TransactionDefinition]
17:46:36.465 [Test worker] DEBUG org.springframework.boot.test.context.SpringBootTestContextBootstrapper - Skipping candidate TestExecutionListener [org.springframework.test.context.jdbc.SqlScriptsTestExecutionListener] due to a missing dependency. Specify custom listener classes or make the default listener classes and their required dependencies available. Offending class: [org/springframework/transaction/interceptor/TransactionAttribute]
17:46:36.468 [Test worker] INFO org.springframework.boot.test.context.SpringBootTestContextBootstrapper - Using TestExecutionListeners: [org.springframework.test.context.support.DirtiesContextBeforeModesTestExecutionListener@7e839656, org.springframework.boot.test.mock.mockito.MockitoTestExecutionListener@40ac8b9, org.springframework.boot.test.autoconfigure.SpringBootDependencyInjectionTestExecutionListener@346e77a0, org.springframework.test.context.support.DirtiesContextTestExecutionListener@589f0bc5, org.springframework.test.context.event.EventPublishingTestExecutionListener@3a4c07a6, org.springframework.boot.test.autoconfigure.restdocs.RestDocsTestExecutionListener@68514f56, org.springframework.boot.test.autoconfigure.web.client.MockRestServiceServerResetTestExecutionListener@2f45e68b, org.springframework.boot.test.autoconfigure.web.servlet.MockMvcPrintOnlyOnFailureTestExecutionListener@fa41185, org.springframework.boot.test.autoconfigure.web.servlet.WebDriverTestExecutionListener@558f46e0, org.springframework.boot.test.mock.mockito.ResetMocksTestExecutionListener@374688f8]
17:46:36.511 [Test worker] DEBUG org.springframework.test.context.support.AbstractDirtiesContextTestExecutionListener - Before test class: context [DefaultTestContext@7f16b69c testClass = CapingestApplicationTests, testInstance = [null], testMethod = [null], testException = [null], mergedContextConfiguration = [MergedContextConfiguration@17b65f95 testClass = CapingestApplicationTests, locations = '{}', classes = '{class com.peraton.wmss.noaa.capingest.CapingestApplication}', contextInitializerClasses = '[]', activeProfiles = '{}', propertySourceLocations = '{}', propertySourceProperties = '{org.springframework.boot.test.context.SpringBootTestContextBootstrapper=true}', contextCustomizers = set[org.springframework.boot.test.autoconfigure.properties.PropertyMappingContextCustomizer@0, org.springframework.boot.test.autoconfigure.web.servlet.WebDriverContextCustomizerFactory$Customizer@46a384e8, org.springframework.boot.test.context.filter.ExcludeFilterContextCustomizer@4381c518, org.springframework.boot.test.json.DuplicateJsonObjectContextCustomizerFactory$DuplicateJsonObjectContextCustomizer@3edb5a20, org.springframework.boot.test.mock.mockito.MockitoContextCustomizer@0, org.springframework.boot.test.web.client.TestRestTemplateContextCustomizer@2abd3a81], contextLoader = 'org.springframework.boot.test.context.SpringBootContextLoader', parent = [null]], attributes = map[[empty]]], class annotated with @DirtiesContext [false] with mode [null].
17:46:36.582 [Test worker] DEBUG org.springframework.test.context.support.DependencyInjectionTestExecutionListener - Performing dependency injection for test context [[DefaultTestContext@7f16b69c testClass = CapingestApplicationTests, testInstance = com.peraton.wmss.noaa.capingest.CapingestApplicationTests@5b1d3cf8, testMethod = [null], testException = [null], mergedContextConfiguration = [MergedContextConfiguration@17b65f95 testClass = CapingestApplicationTests, locations = '{}', classes = '{class com.peraton.wmss.noaa.capingest.CapingestApplication}', contextInitializerClasses = '[]', activeProfiles = '{}', propertySourceLocations = '{}', propertySourceProperties = '{org.springframework.boot.test.context.SpringBootTestContextBootstrapper=true}', contextCustomizers = set[org.springframework.boot.test.autoconfigure.properties.PropertyMappingContextCustomizer@0, org.springframework.boot.test.autoconfigure.web.servlet.WebDriverContextCustomizerFactory$Customizer@46a384e8, org.springframework.boot.test.context.filter.ExcludeFilterContextCustomizer@4381c518, org.springframework.boot.test.json.DuplicateJsonObjectContextCustomizerFactory$DuplicateJsonObjectContextCustomizer@3edb5a20, org.springframework.boot.test.mock.mockito.MockitoContextCustomizer@0, org.springframework.boot.test.web.client.TestRestTemplateContextCustomizer@2abd3a81], contextLoader = 'org.springframework.boot.test.context.SpringBootContextLoader', parent = [null]], attributes = map[[empty]]]].
17:46:36.711 [Test worker] DEBUG org.springframework.test.context.support.TestPropertySourceUtils - Adding inlined properties to environment: {spring.jmx.enabled=false, org.springframework.boot.test.context.SpringBootTestContextBootstrapper=true, server.port=-1}

  .   ____          _            __ _ _
 /\\ / ___'_ __ _ _(_)_ __  __ _ \ \ \ \
( ( )\___ | '_ | '_| | '_ \/ _` | \ \ \ \
 \\/  ___)| |_)| | | | | || (_| |  ) ) ) )
  '  |____| .__|_| |_|_| |_\__, | / / / /
 =========|_|==============|___/=/_/_/_/
 :: Spring Boot ::        (v2.2.6.RELEASE)

2020-04-28 17:46:38.142  INFO 18017 --- [    Test worker] c.p.w.n.c.CapingestApplicationTests      : Starting CapingestApplicationTests on slushu72 with PID 18017 (started by slush in /home/slush/git/capingest)
2020-04-28 17:46:38.153  INFO 18017 --- [    Test worker] c.p.w.n.c.CapingestApplicationTests      : No active profile set, falling back to default profiles: default
2020-04-28 17:46:41.716  INFO 18017 --- [    Test worker] c.p.w.n.c.CapingestApplicationTests      : Started CapingestApplicationTests in 4.984 seconds (JVM running for 11.34)
]]></system-out>
  <system-err><![CDATA[]]></system-err>
</testsuite>
